<?xml version="1.0" encoding="UTF-8"?>
<!-- Generated by org.testng.reporters.JUnitReportReporter -->
<testsuite hostname="Aravind" failures="0" tests="2" name="user.RegistrationTests" time="16.885" errors="0" timestamp="2025-09-08T15:50:49 IST" skipped="0">
  <testcase classname="user.RegistrationTests" name="testValidUserRegistration" time="3.201"/>
  <testcase classname="user.RegistrationTests" name="testDuplicateEmailRegistration" time="13.684"/>
</testsuite> <!-- user.RegistrationTests -->
