<?xml version="1.0" encoding="UTF-8"?>
<!-- Generated by org.testng.reporters.JUnitReportReporter -->
<testsuite hostname="Aravind" failures="0" tests="4" name="search.SearchTests" time="9.140" errors="0" timestamp="2025-09-08T15:50:49 IST" skipped="0">
  <testcase classname="search.SearchTests" name="testValidProductSearch" time="2.111"/>
  <testcase classname="search.SearchTests" name="testInvalidProductSearch" time="2.239"/>
  <testcase classname="search.SearchTests" name="testBlankProductSearch" time="2.424"/>
  <testcase classname="search.SearchTests" name="testSpecialCharSearch" time="2.366"/>
</testsuite> <!-- search.SearchTests -->
