<?xml version="1.0" encoding="UTF-8"?>
<!-- Generated by org.testng.reporters.JUnitReportReporter -->
<testsuite hostname="Aravind" failures="0" tests="4" name="checkout.ShippingTests" time="0.003" errors="0" timestamp="2025-09-07T15:44:29 IST" skipped="0">
  <testcase classname="checkout.ShippingTests" name="testDisplayShippingMethods" time="0.001"/>
  <testcase classname="checkout.ShippingTests" name="testStandardShippingCost" time="0.001"/>
  <testcase classname="checkout.ShippingTests" name="testExpressShippingCost" time="0.000"/>
  <testcase classname="checkout.ShippingTests" name="testShippingOptionPersistence" time="0.001"/>
</testsuite> <!-- checkout.ShippingTests -->
