<?xml version="1.0" encoding="UTF-8"?>
<!-- Generated by org.testng.reporters.JUnitReportReporter -->
<testsuite hostname="Aravind" failures="0" tests="3" name="user.ProfileTests" time="22.571" errors="0" timestamp="2025-09-08T15:50:49 IST" skipped="0">
  <testcase classname="user.ProfileTests" name="testEditProfileDetails" time="8.519"/>
  <testcase classname="user.ProfileTests" name="testPasswordChangeFlow" time="4.997"/>
  <testcase classname="user.ProfileTests" name="testForgotPasswordResetEmail" time="9.055"/>
</testsuite> <!-- user.ProfileTests -->
