<?xml version="1.0" encoding="UTF-8"?>
<!-- Generated by org.testng.reporters.JUnitReportReporter -->
<testsuite hostname="Aravind" failures="0" tests="2" name="cart.AddToCartTests" time="5.894" errors="0" timestamp="2025-09-08T15:50:49 IST" skipped="0">
  <testcase classname="cart.AddToCartTests" name="testAddProductSingleQty" time="2.774"/>
  <testcase classname="cart.AddToCartTests" name="testAddProductSpecificQty" time="3.120"/>
</testsuite> <!-- cart.AddToCartTests -->
