<?xml version="1.0" encoding="UTF-8"?>
<!-- Generated by org.testng.reporters.JUnitReportReporter -->
<testsuite hostname="Aravind" failures="0" tests="3" name="Testcases.UIChecks" time="5.748" errors="0" timestamp="2025-09-07T15:44:29 IST" skipped="0">
  <testcase classname="Testcases.UIChecks" name="verifyLogo" time="1.930"/>
  <testcase classname="Testcases.UIChecks" name="verifySearchBar" time="1.824"/>
  <testcase classname="Testcases.UIChecks" name="verifyMainMenu" time="1.994"/>
</testsuite> <!-- Testcases.UIChecks -->
