<?xml version="1.0" encoding="UTF-8"?>
<!-- Generated by org.testng.reporters.JUnitReportReporter -->
<testsuite hostname="Aravind" failures="0" tests="2" name="cart.AddToCartTests" time="6.051" errors="0" timestamp="2025-09-07T15:44:29 IST" skipped="0">
  <testcase classname="cart.AddToCartTests" name="testAddProductSingleQty" time="2.897"/>
  <testcase classname="cart.AddToCartTests" name="testAddProductSpecificQty" time="3.154"/>
</testsuite> <!-- cart.AddToCartTests -->
