<?xml version="1.0" encoding="UTF-8"?>
<!-- Generated by org.testng.reporters.JUnitReportReporter -->
<testsuite hostname="Aravind" failures="0" tests="7" name="order.PaymentTests" time="0.002" errors="0" timestamp="2025-09-07T15:44:29 IST" skipped="0">
  <testcase classname="order.PaymentTests" name="testPayByUPI" time="0.000"/>
  <testcase classname="order.PaymentTests" name="testPayByNetBanking" time="0.001"/>
  <testcase classname="order.PaymentTests" name="testAcceptTermsAndConditions" time="0.000"/>
  <testcase classname="order.PaymentTests" name="testPaymentMethodsDisplayed" time="0.000"/>
  <testcase classname="order.PaymentTests" name="testPayByCreditCardInvalid" time="0.000"/>
  <testcase classname="order.PaymentTests" name="testPayByCreditCardValid" time="0.001"/>
  <testcase classname="order.PaymentTests" name="testCashOnDelivery" time="0.000"/>
</testsuite> <!-- order.PaymentTests -->
