<?xml version="1.0" encoding="UTF-8"?>
<!-- Generated by org.testng.reporters.JUnitReportReporter -->
<testsuite hostname="Aravind" failures="0" tests="1" name="Testcases.EndToEnd" time="8.552" errors="0" timestamp="2025-09-08T15:50:49 IST" skipped="0">
  <testcase classname="Testcases.EndToEnd" name="endToEndTest" time="8.552"/>
</testsuite> <!-- Testcases.EndToEnd -->
