<?xml version="1.0" encoding="UTF-8"?>
<!-- Generated by org.testng.reporters.JUnitReportReporter -->
<testsuite hostname="Aravind" failures="0" tests="2" name="user.WishlistCompareTests" time="1.809" errors="0" timestamp="2025-09-07T15:44:29 IST" skipped="0">
  <testcase classname="user.WishlistCompareTests" name="testAddToWishlist" time="0.917"/>
  <testcase classname="user.WishlistCompareTests" name="testCompareProducts" time="0.892"/>
</testsuite> <!-- user.WishlistCompareTests -->
