<?xml version="1.0" encoding="UTF-8"?>
<!-- Generated by org.testng.reporters.JUnitReportReporter -->
<testsuite hostname="Aravind" failures="0" tests="2" name="Testcases.UserIdentity" time="8.013" errors="0" timestamp="2025-09-05T22:04:30 IST" skipped="0">
  <testcase classname="Testcases.UserIdentity" name="Registration" time="3.636"/>
  <testcase classname="Testcases.UserIdentity" name="Login" time="4.377"/>
</testsuite> <!-- Testcases.UserIdentity -->
