<?xml version="1.0" encoding="UTF-8"?>
<!-- Generated by org.testng.reporters.JUnitReportReporter -->
<testsuite hostname="Aravind" failures="0" tests="2" name="cart.CartValidationTests" time="6.458" errors="0" timestamp="2025-09-08T15:50:49 IST" skipped="0">
  <testcase classname="cart.CartValidationTests" name="testCartSummaryDetails" time="3.222"/>
  <testcase classname="cart.CartValidationTests" name="testCartPersistenceAcrossPages" time="3.236"/>
</testsuite> <!-- cart.CartValidationTests -->
