<?xml version="1.0" encoding="UTF-8"?>
<!-- Generated by org.testng.reporters.JUnitReportReporter -->
<testsuite hostname="Aravind" failures="0" tests="1" name="order.OrderCompletionTests" time="5.106" errors="0" timestamp="2025-09-08T15:50:49 IST" skipped="0">
  <testcase classname="order.OrderCompletionTests" name="testPlaceOrderAndVerifyConfirmation" time="5.106"/>
</testsuite> <!-- order.OrderCompletionTests -->
