<?xml version="1.0" encoding="UTF-8"?>
<!-- Generated by org.testng.reporters.JUnitReportReporter -->
<testsuite hostname="Aravind" failures="0" tests="3" name="Testcases.NegativeScenarios" time="8.393" errors="0" timestamp="2025-09-07T15:44:29 IST" skipped="0">
  <testcase classname="Testcases.NegativeScenarios" name="invalidLogin" time="3.337"/>
  <testcase classname="Testcases.NegativeScenarios" name="searchWithSpecialCharacters" time="2.556"/>
  <testcase classname="Testcases.NegativeScenarios" name="searchWithBlankInput" time="2.500"/>
</testsuite> <!-- Testcases.NegativeScenarios -->
