<?xml version="1.0" encoding="UTF-8"?>
<!-- Generated by org.testng.reporters.JUnitReportReporter -->
<testsuite hostname="Aravind" failures="0" tests="1" name="order.OrderTests" time="0.000" errors="0" timestamp="2025-09-07T15:44:29 IST" skipped="0">
  <testcase classname="order.OrderTests" name="testSaveOrderToHistory" time="0.000"/>
</testsuite> <!-- order.OrderTests -->
