<?xml version="1.0" encoding="UTF-8"?>
<!-- Generated by org.testng.reporters.JUnitReportReporter -->
<testsuite hostname="Aravind" failures="0" tests="4" name="order.CouponTests" time="0.002" errors="0" timestamp="2025-09-07T15:44:29 IST" skipped="0">
  <testcase classname="order.CouponTests" name="testRemoveCouponAndVerifyTotals" time="0.001"/>
  <testcase classname="order.CouponTests" name="testApplyInvalidCoupon" time="0.000"/>
  <testcase classname="order.CouponTests" name="testApplyValidCoupon" time="0.000"/>
  <testcase classname="order.CouponTests" name="testApplyGiftVoucher" time="0.001"/>
</testsuite> <!-- order.CouponTests -->
