<?xml version="1.0" encoding="UTF-8"?>
<!-- Generated by org.testng.reporters.JUnitReportReporter -->
<testsuite hostname="Aravind" failures="0" tests="1" name="user.UserSessionTests" time="5.758" errors="0" timestamp="2025-09-08T15:50:49 IST" skipped="0">
  <testcase classname="user.UserSessionTests" name="testLogoutFunctionality" time="5.758"/>
</testsuite> <!-- user.UserSessionTests -->
