<?xml version="1.0" encoding="UTF-8"?>
<!-- Generated by org.testng.reporters.JUnitReportReporter -->
<testsuite hostname="Aravind" failures="0" tests="2" name="user.MiscTests" time="4.752" errors="0" timestamp="2025-09-08T15:50:49 IST" skipped="0">
  <testcase classname="user.MiscTests" name="testChangeCurrencyPersistence" time="1.862"/>
  <testcase classname="user.MiscTests" name="testContactUsFormSubmission" time="2.890"/>
</testsuite> <!-- user.MiscTests -->
