<?xml version="1.0" encoding="UTF-8"?>
<!-- Generated by org.testng.reporters.JUnitReportReporter -->
<testsuite hostname="Aravind" failures="0" tests="1" name="order.OrderReturnTests" time="5.407" errors="0" timestamp="2025-09-08T15:50:49 IST" skipped="0">
  <testcase classname="order.OrderReturnTests" name="testRequestAndVerifyProductReturn" time="5.407"/>
</testsuite> <!-- order.OrderReturnTests -->
