<?xml version="1.0" encoding="UTF-8"?>
<!-- Generated by org.testng.reporters.JUnitReportReporter -->
<testsuite hostname="Aravind" failures="0" tests="3" name="Testcases.UIChecks" time="5.278" errors="0" timestamp="2025-09-08T15:50:49 IST" skipped="0">
  <testcase classname="Testcases.UIChecks" name="verifyLogo" time="1.777"/>
  <testcase classname="Testcases.UIChecks" name="verifySearchBar" time="1.775"/>
  <testcase classname="Testcases.UIChecks" name="verifyMainMenu" time="1.726"/>
</testsuite> <!-- Testcases.UIChecks -->
