<?xml version="1.0" encoding="UTF-8"?>
<!-- Generated by org.testng.reporters.JUnitReportReporter -->
<testsuite hostname="Aravind" failures="0" tests="5" name="search.SortAndViewTests" time="12.716" errors="0" timestamp="2025-09-08T15:50:49 IST" skipped="0">
  <testcase classname="search.SortAndViewTests" name="testSortByPriceLowToHigh" time="2.440"/>
  <testcase classname="search.SortAndViewTests" name="testSortByNameAZ" time="2.513"/>
  <testcase classname="search.SortAndViewTests" name="testSortByRating" time="2.605"/>
  <testcase classname="search.SortAndViewTests" name="testViewProductDetails" time="2.544"/>
  <testcase classname="search.SortAndViewTests" name="testProductImageGallery" time="2.614"/>
</testsuite> <!-- search.SortAndViewTests -->
