<?xml version="1.0" encoding="UTF-8"?>
<!-- Generated by org.testng.reporters.JUnitReportReporter -->
<testsuite hostname="Aravind" failures="0" tests="2" name="login.LoginTests" time="9.607" errors="0" timestamp="2025-09-08T15:50:49 IST" skipped="0">
  <testcase classname="login.LoginTests" name="testLoginInvalidCredentials" time="2.674"/>
  <testcase classname="login.LoginTests" name="testValidLogin" time="6.933"/>
</testsuite> <!-- login.LoginTests -->
