<?xml version="1.0" encoding="UTF-8"?>
<!-- Generated by org.testng.reporters.JUnitReportReporter -->
<testsuite hostname="Aravind" failures="0" tests="3" name="Testcases.NegativeScenarios" time="7.457" errors="0" timestamp="2025-09-08T15:50:49 IST" skipped="0">
  <testcase classname="Testcases.NegativeScenarios" name="invalidLogin" time="2.724"/>
  <testcase classname="Testcases.NegativeScenarios" name="searchWithSpecialCharacters" time="2.300"/>
  <testcase classname="Testcases.NegativeScenarios" name="searchWithBlankInput" time="2.433"/>
</testsuite> <!-- Testcases.NegativeScenarios -->
