<?xml version="1.0" encoding="UTF-8"?>
<!-- Generated by org.testng.reporters.JUnitReportReporter -->
<testsuite hostname="Aravind" failures="0" tests="4" name="search.SearchTests" time="9.487" errors="0" timestamp="2025-09-07T15:44:29 IST" skipped="0">
  <testcase classname="search.SearchTests" name="testValidProductSearch" time="2.330"/>
  <testcase classname="search.SearchTests" name="testInvalidProductSearch" time="2.360"/>
  <testcase classname="search.SearchTests" name="testBlankProductSearch" time="2.307"/>
  <testcase classname="search.SearchTests" name="testSpecialCharSearch" time="2.490"/>
</testsuite> <!-- search.SearchTests -->
